\BOOKMARK [1][-]{Doc-Start}{\376\377\000C\000e\000r\000t\000i\000f\000i\000c\000a\000t\000e}{}% 1
\BOOKMARK [1][-]{section*.1}{\376\377\000D\000e\000c\000l\000a\000r\000a\000t\000i\000o\000n}{}% 2
\BOOKMARK [1][-]{section*.2}{\376\377\000A\000c\000k\000n\000o\000w\000l\000e\000d\000g\000e\000m\000e\000n\000t}{}% 3
\BOOKMARK [1][-]{section*.3}{\376\377\000A\000b\000s\000t\000r\000a\000c\000t}{}% 4
\BOOKMARK [1][-]{section*.4}{\376\377\000T\000a\000b\000l\000e\000\040\000o\000f\000\040\000C\000o\000n\000t\000e\000n\000t\000s}{}% 5
\BOOKMARK [1][-]{section*.5}{\376\377\000L\000i\000s\000t\000\040\000o\000f\000\040\000F\000i\000g\000u\000r\000e\000s}{}% 6
\BOOKMARK [1][-]{section*.6}{\376\377\000L\000i\000s\000t\000\040\000o\000f\000\040\000T\000a\000b\000l\000e\000s}{}% 7
\BOOKMARK [1][-]{section.1}{\376\377\000C\000o\000m\000p\000a\000n\000y\000\040\000P\000r\000o\000f\000i\000l\000e}{}% 8
\BOOKMARK [2][-]{subsection.1.1}{\376\377\000A\000b\000o\000u\000t\000\040\000S\000C\000L\000\040\000M\000o\000h\000a\000l\000i}{section.1}% 9
\BOOKMARK [2][-]{subsection.1.2}{\376\377\000R\000e\000l\000e\000v\000a\000n\000c\000e\000\040\000t\000o\000\040\000T\000h\000i\000s\000\040\000I\000n\000t\000e\000r\000n\000s\000h\000i\000p}{section.1}% 10
\BOOKMARK [2][-]{subsection.1.3}{\376\377\000O\000p\000e\000r\000a\000t\000i\000o\000n\000a\000l\000\040\000C\000o\000n\000t\000e\000x\000t}{section.1}% 11
\BOOKMARK [1][-]{section.2}{\376\377\000W\000o\000r\000k\000\040\000U\000n\000d\000e\000r\000t\000a\000k\000e\000n}{}% 12
\BOOKMARK [2][-]{subsection.2.1}{\376\377\000D\000e\000p\000a\000r\000t\000m\000e\000n\000t\000\040\000/\000\040\000T\000e\000a\000m\000\040\000A\000l\000l\000o\000c\000a\000t\000i\000o\000n}{section.2}% 13
\BOOKMARK [2][-]{subsection.2.2}{\376\377\000R\000o\000l\000e\000\040\000P\000e\000r\000f\000o\000r\000m\000e\000d}{section.2}% 14
\BOOKMARK [2][-]{subsection.2.3}{\376\377\000T\000o\000o\000l\000s\000\040\000a\000n\000d\000\040\000T\000e\000c\000h\000n\000o\000l\000o\000g\000i\000e\000s\000\040\000U\000s\000e\000d}{section.2}% 15
\BOOKMARK [2][-]{subsection.2.4}{\376\377\000S\000k\000i\000l\000l\000s\000\040\000A\000c\000q\000u\000i\000r\000e\000d}{section.2}% 16
\BOOKMARK [1][-]{section.3}{\376\377\000P\000r\000o\000j\000e\000c\000t\000\040\000T\000i\000t\000l\000e\000\040\000a\000n\000d\000\040\000D\000o\000m\000a\000i\000n}{}% 17
\BOOKMARK [1][-]{section.4}{\376\377\000P\000r\000o\000b\000l\000e\000m\000\040\000S\000t\000a\000t\000e\000m\000e\000n\000t}{}% 18
\BOOKMARK [1][-]{section.5}{\376\377\000P\000r\000o\000j\000e\000c\000t\000\040\000O\000b\000j\000e\000c\000t\000i\000v\000e\000s}{}% 19
\BOOKMARK [1][-]{section.6}{\376\377\000C\000o\000r\000p\000u\000s\000\040\000S\000t\000u\000d\000i\000e\000d}{}% 20
\BOOKMARK [2][-]{subsection.6.1}{\376\377\000N\000a\000t\000u\000r\000e\000\040\000o\000f\000\040\000t\000h\000e\000\040\000S\000o\000u\000r\000c\000e\000\040\000M\000a\000t\000e\000r\000i\000a\000l}{section.6}% 21
\BOOKMARK [2][-]{subsection.6.2}{\376\377\000P\000r\000o\000g\000r\000a\000m\000\040\000N\000a\000r\000r\000a\000t\000i\000v\000e\000\040\000O\000b\000s\000e\000r\000v\000e\000d}{section.6}% 22
\BOOKMARK [1][-]{section.7}{\376\377\000I\000m\000p\000l\000e\000m\000e\000n\000t\000e\000d\000\040\000S\000y\000s\000t\000e\000m\000\040\000O\000v\000e\000r\000v\000i\000e\000w}{}% 23
\BOOKMARK [2][-]{subsection.7.1}{\376\377\000H\000i\000g\000h\000-\000L\000e\000v\000e\000l\000\040\000A\000r\000c\000h\000i\000t\000e\000c\000t\000u\000r\000e}{section.7}% 24
\BOOKMARK [2][-]{subsection.7.2}{\376\377\000M\000a\000i\000n\000\040\000A\000p\000p\000l\000i\000c\000a\000t\000i\000o\000n\000\040\000B\000o\000o\000t\000\040\000F\000l\000o\000w}{section.7}% 25
\BOOKMARK [1][-]{section.8}{\376\377\000C\000o\000n\000f\000i\000g\000u\000r\000a\000t\000i\000o\000n\000\040\000a\000n\000d\000\040\000S\000t\000o\000r\000a\000g\000e}{}% 26
\BOOKMARK [2][-]{subsection.8.1}{\376\377\000S\000e\000t\000t\000i\000n\000g\000s\000\040\000O\000b\000s\000e\000r\000v\000e\000d\000\040\000i\000n\000\040\000C\000o\000d\000e}{section.8}% 27
\BOOKMARK [2][-]{subsection.8.2}{\376\377\000I\000m\000p\000o\000r\000t\000a\000n\000t\000\040\000C\000o\000n\000f\000i\000g\000u\000r\000a\000t\000i\000o\000n\000\040\000M\000i\000s\000m\000a\000t\000c\000h}{section.8}% 28
\BOOKMARK [1][-]{section.9}{\376\377\000D\000a\000t\000a\000b\000a\000s\000e\000\040\000D\000e\000s\000i\000g\000n}{}% 29
\BOOKMARK [2][-]{subsection.9.1}{\376\377\000P\000u\000r\000p\000o\000s\000e\000\040\000o\000f\000\040\000E\000a\000c\000h\000\040\000T\000a\000b\000l\000e}{section.9}% 30
\BOOKMARK [1][-]{section.10}{\376\377\000D\000o\000c\000u\000m\000e\000n\000t\000\040\000P\000r\000o\000c\000e\000s\000s\000i\000n\000g\000\040\000P\000i\000p\000e\000l\000i\000n\000e}{}% 31
\BOOKMARK [2][-]{subsection.10.1}{\376\377\000I\000m\000p\000l\000e\000m\000e\000n\000t\000e\000d\000\040\000E\000x\000t\000r\000a\000c\000t\000i\000o\000n\000\040\000L\000o\000g\000i\000c}{section.10}% 32
\BOOKMARK [2][-]{subsection.10.2}{\376\377\000A\000c\000t\000u\000a\000l\000\040\000P\000r\000o\000c\000e\000s\000s\000i\000n\000g\000\040\000F\000l\000o\000w}{section.10}% 33
\BOOKMARK [2][-]{subsection.10.3}{\376\377\000J\000o\000b\000\040\000P\000r\000o\000g\000r\000e\000s\000s\000\040\000S\000t\000a\000g\000e\000s}{section.10}% 34
\BOOKMARK [1][-]{section.11}{\376\377\000O\000l\000l\000a\000m\000a\000\040\000I\000n\000t\000e\000g\000r\000a\000t\000i\000o\000n}{}% 35
\BOOKMARK [2][-]{subsection.11.1}{\376\377\000I\000m\000p\000l\000e\000m\000e\000n\000t\000e\000d\000\040\000S\000e\000r\000v\000i\000c\000e\000\040\000B\000e\000h\000a\000v\000i\000o\000r}{section.11}% 36
\BOOKMARK [2][-]{subsection.11.2}{\376\377\000P\000r\000o\000m\000p\000t\000i\000n\000g\000\040\000A\000p\000p\000r\000o\000a\000c\000h}{section.11}% 37
\BOOKMARK [2][-]{subsection.11.3}{\376\377\000F\000a\000l\000l\000b\000a\000c\000k\000\040\000L\000o\000g\000i\000c}{section.11}% 38
\BOOKMARK [1][-]{section.12}{\376\377\000B\000a\000c\000k\000g\000r\000o\000u\000n\000d\000\040\000P\000r\000o\000c\000e\000s\000s\000i\000n\000g\000\040\000a\000n\000d\000\040\000S\000y\000n\000c\000h\000r\000o\000n\000i\000z\000a\000t\000i\000o\000n}{}% 39
\BOOKMARK [2][-]{subsection.12.1}{\376\377\000T\000w\000o\000\040\000M\000e\000c\000h\000a\000n\000i\000s\000m\000s\000\040\000P\000r\000e\000s\000e\000n\000t\000\040\000i\000n\000\040\000C\000o\000d\000e}{section.12}% 40
\BOOKMARK [2][-]{subsection.12.2}{\376\377\000J\000o\000b\000\040\000T\000r\000a\000c\000k\000i\000n\000g}{section.12}% 41
\BOOKMARK [1][-]{section.13}{\376\377\000U\000s\000e\000r\000\040\000I\000n\000t\000e\000r\000f\000a\000c\000e\000\040\000I\000m\000p\000l\000e\000m\000e\000n\000t\000e\000d}{}% 42
\BOOKMARK [2][-]{subsection.13.1}{\376\377\000P\000a\000g\000e\000s\000\040\000P\000r\000e\000s\000e\000n\000t\000\040\000i\000n\000\040\000t\000h\000e\000\040\000R\000e\000p\000o\000s\000i\000t\000o\000r\000y}{section.13}% 43
\BOOKMARK [2][-]{subsection.13.2}{\376\377\000F\000r\000o\000n\000t\000e\000n\000d\000\040\000C\000h\000a\000r\000a\000c\000t\000e\000r\000i\000s\000t\000i\000c\000s}{section.13}% 44
\BOOKMARK [1][-]{section.14}{\376\377\000S\000e\000a\000r\000c\000h\000\040\000a\000n\000d\000\040\000T\000r\000a\000c\000e\000a\000b\000i\000l\000i\000t\000y\000\040\000F\000e\000a\000t\000u\000r\000e\000s}{}% 45
\BOOKMARK [2][-]{subsection.14.1}{\376\377\000S\000e\000a\000r\000c\000h\000\040\000S\000c\000o\000p\000e}{section.14}% 46
\BOOKMARK [2][-]{subsection.14.2}{\376\377\000A\000v\000a\000i\000l\000a\000b\000l\000e\000\040\000F\000i\000l\000t\000e\000r\000s}{section.14}% 47
\BOOKMARK [2][-]{subsection.14.3}{\376\377\000H\000i\000g\000h\000l\000i\000g\000h\000t\000i\000n\000g}{section.14}% 48
\BOOKMARK [1][-]{section.15}{\376\377\000A\000d\000d\000i\000t\000i\000o\000n\000a\000l\000\040\000I\000m\000p\000l\000e\000m\000e\000n\000t\000e\000d\000\040\000C\000a\000p\000a\000b\000i\000l\000i\000t\000i\000e\000s}{}% 49
\BOOKMARK [1][-]{section.16}{\376\377\000W\000h\000a\000t\000\040\000t\000h\000e\000\040\000C\000u\000r\000r\000e\000n\000t\000\040\000C\000o\000d\000e\000b\000a\000s\000e\000\040\000D\000o\000e\000s\000\040\000N\000o\000t\000\040\000F\000u\000l\000l\000y\000\040\000S\000o\000l\000v\000e}{}% 50
\BOOKMARK [2][-]{subsection.16.1}{\376\377\000D\000e\000p\000e\000n\000d\000e\000n\000c\000y\000\040\000D\000r\000i\000f\000t}{section.16}% 51
\BOOKMARK [2][-]{subsection.16.2}{\376\377\000D\000o\000c\000u\000m\000e\000n\000t\000a\000t\000i\000o\000n\000\040\000M\000i\000s\000m\000a\000t\000c\000h}{section.16}% 52
\BOOKMARK [2][-]{subsection.16.3}{\376\377\000S\000t\000o\000r\000a\000g\000e\000\040\000P\000a\000t\000h\000\040\000D\000e\000s\000i\000g\000n}{section.16}% 53
\BOOKMARK [2][-]{subsection.16.4}{\376\377\000S\000e\000a\000r\000c\000h\000\040\000S\000i\000m\000p\000l\000i\000c\000i\000t\000y}{section.16}% 54
\BOOKMARK [2][-]{subsection.16.5}{\376\377\000M\000i\000g\000r\000a\000t\000i\000o\000n\000\040\000S\000i\000m\000p\000l\000i\000c\000i\000t\000y}{section.16}% 55
\BOOKMARK [2][-]{subsection.16.6}{\376\377\000N\000o\000\040\000A\000u\000t\000h\000e\000n\000t\000i\000c\000a\000t\000i\000o\000n\000\040\000L\000a\000y\000e\000r}{section.16}% 56
\BOOKMARK [1][-]{section.17}{\376\377\000L\000e\000a\000r\000n\000i\000n\000g\000\040\000O\000u\000t\000c\000o\000m\000e\000s}{}% 57
\BOOKMARK [2][-]{subsection.17.1}{\376\377\000T\000e\000c\000h\000n\000i\000c\000a\000l\000\040\000L\000e\000a\000r\000n\000i\000n\000g}{section.17}% 58
\BOOKMARK [2][-]{subsection.17.2}{\376\377\000D\000o\000m\000a\000i\000n\000\040\000L\000e\000a\000r\000n\000i\000n\000g}{section.17}% 59
\BOOKMARK [2][-]{subsection.17.3}{\376\377\000P\000r\000o\000f\000e\000s\000s\000i\000o\000n\000a\000l\000\040\000L\000e\000a\000r\000n\000i\000n\000g}{section.17}% 60
\BOOKMARK [1][-]{section.18}{\376\377\000C\000o\000n\000c\000l\000u\000s\000i\000o\000n}{}% 61
\BOOKMARK [1][-]{section*.7}{\376\377\000R\000e\000f\000e\000r\000e\000n\000c\000e\000s}{}% 62
